<?xml version="1.0" encoding="UTF-8"?>
<testsuite name="com.kodilla.testing.shape.ShapeCollectorTestSuite" tests="1" skipped="0" failures="0" errors="0" timestamp="2023-02-27T17:47:47" hostname="BMMH-WINDELL-2E" time="0.029">
  <properties/>
  <testcase name="test getFigureAtIndex" classname="com.kodilla.testing.shape.ShapeCollectorTestSuite" time="0.029"/>
  <system-out><![CDATA[[com.kodilla.testing.shape.Square@7e990ed7, com.kodilla.testing.shape.Circle@c05fddc]
]]></system-out>
  <system-err><![CDATA[]]></system-err>
</testsuite>
