<?xml version="1.0" encoding="UTF-8"?>
<testsuite name="com.kodilla.testing.shape.ShapeCollectorTestSuite" tests="1" skipped="0" failures="0" errors="0" timestamp="2023-03-06T12:16:49" hostname="BMMH-WINDELL-2E" time="0.019">
  <properties/>
  <testcase name="test removeFigure" classname="com.kodilla.testing.shape.ShapeCollectorTestSuite" time="0.019"/>
  <system-out><![CDATA[]]></system-out>
  <system-err><![CDATA[]]></system-err>
</testsuite>
