<?xml version="1.0" encoding="UTF-8"?>
<testsuite name="Nested Tests for comments" tests="4" skipped="0" failures="0" errors="0" timestamp="2023-02-26T00:11:43" hostname="BMMH-WINDELL-2E" time="0.059">
  <properties/>
  <testcase name="testRemoveCommentNotExisting()" classname="com.kodilla.testing.forum.tdd.ForumTestSuite$TestComments" time="0.041"/>
  <testcase name="testRemoveComment()" classname="com.kodilla.testing.forum.tdd.ForumTestSuite$TestComments" time="0.004"/>
  <testcase name="testGetComment()" classname="com.kodilla.testing.forum.tdd.ForumTestSuite$TestComments" time="0.004"/>
  <testcase name="testAddComment()" classname="com.kodilla.testing.forum.tdd.ForumTestSuite$TestComments" time="0.003"/>
  <system-out><![CDATA[Preparing to execute test #1
Preparing to execute test #2
Preparing to execute test #3
Preparing to execute test #4
]]></system-out>
  <system-err><![CDATA[]]></system-err>
</testsuite>
